{
    "service": {
        "serviceArn": "arn:aws:ecs:ap-northeast-2:741704045536:service/sfn-dev/fn-product",
        "serviceName": "fn-product",
        "clusterArn": "arn:aws:ecs:ap-northeast-2:741704045536:cluster/sfn-dev",
        "loadBalancers": [],
        "serviceRegistries": [
            {
                "registryArn": "arn:aws:servicediscovery:ap-northeast-2:741704045536:service/srv-e2dkbuaoi5wzav6h"
            }
        ],
        "status": "ACTIVE",
        "desiredCount": 1,
        "runningCount": 0,
        "pendingCount": 0,
        "launchType": "FARGATE",
        "platformVersion": "LATEST",
        "taskDefinition": "arn:aws:ecs:ap-northeast-2:741704045536:task-definition/fn-product:1",
        "deploymentConfiguration": {
            "deploymentCircuitBreaker": {
                "enable": false,
                "rollback": false
            },
            "maximumPercent": 200,
            "minimumHealthyPercent": 100
        },
        "deployments": [
            {
                "id": "ecs-svc/3146830765491620464",
                "status": "PRIMARY",
                "taskDefinition": "arn:aws:ecs:ap-northeast-2:741704045536:task-definition/fn-product:1",
                "desiredCount": 1,
                "pendingCount": 0,
                "runningCount": 0,
                "failedTasks": 0,
                "createdAt": "2021-09-08T17:30:14.892000+09:00",
                "updatedAt": "2021-09-08T17:30:14.892000+09:00",
                "launchType": "FARGATE",
                "platformVersion": "1.4.0",
                "networkConfiguration": {
                    "awsvpcConfiguration": {
                        "subnets": [
                            "subnet-0b96e471bd682ef69"
                        ],
                        "securityGroups": [
                            "sg-0de877d1c63fd0aff"
                        ],
                        "assignPublicIp": "DISABLED"
                    }
                },
                "rolloutState": "IN_PROGRESS",
                "rolloutStateReason": "ECS deployment ecs-svc/3146830765491620464 in progress."
            },
            {
                "id": "ecs-svc/2938604813006490309",
                "status": "ACTIVE",
                "taskDefinition": "arn:aws:ecs:ap-northeast-2:741704045536:task-definition/fn-product:1",
                "desiredCount": 1,
                "pendingCount": 0,
                "runningCount": 0,
                "failedTasks": 14,
                "createdAt": "2021-09-08T17:04:59.959000+09:00",
                "updatedAt": "2021-09-08T17:04:59.959000+09:00",
                "launchType": "FARGATE",
                "platformVersion": "1.4.0",
                "networkConfiguration": {
                    "awsvpcConfiguration": {
                        "subnets": [
                            "subnet-0b96e471bd682ef69"
                        ],
                        "securityGroups": [
                            "sg-0de877d1c63fd0aff"
                        ],
                        "assignPublicIp": "DISABLED"
                    }
                },
                "rolloutState": "IN_PROGRESS",
                "rolloutStateReason": "ECS deployment ecs-svc/2938604813006490309 in progress."
            }
        ],
        "roleArn": "arn:aws:iam::741704045536:role/aws-service-role/ecs.amazonaws.com/AWSServiceRoleForECS",
        "events": [
            {
                "id": "71f227c4-24a5-4e3c-bc3c-af980ff02ac3",
                "createdAt": "2021-09-08T17:28:34.675000+09:00",
                "message": "(service fn-product) has started 1 tasks: (task 2c28898b189a4251960d7f89f2c86540)."
            },
            {
                "id": "ef9c3641-d354-41ca-b5c8-b38efedf177a",
                "createdAt": "2021-09-08T17:22:53.267000+09:00",
                "message": "(service fn-product) has started 1 tasks: (task d03c4463139140babb2055a80c1297fe)."
            },
            {
                "id": "a7385114-2553-457e-ad94-dd97232fd98d",
                "createdAt": "2021-09-08T17:17:11.745000+09:00",
                "message": "(service fn-product) has started 1 tasks: (task 01023897d4ad4e519c9dda584e365b4b)."
            },
            {
                "id": "ebdf5c4e-7218-474e-965f-908f0f88f271",
                "createdAt": "2021-09-08T17:16:13.363000+09:00",
                "message": "(service fn-product) has started 1 tasks: (task 50ca30132bed49fcb40d90ce89c32266)."
            },
            {
                "id": "c7c353b7-a73f-48fb-bf77-35fdcdc6dc26",
                "createdAt": "2021-09-08T17:15:12.691000+09:00",
                "message": "(service fn-product) has started 1 tasks: (task 99a2fdb8d11e467a923c8ebc075539d5)."
            },
            {
                "id": "2021a21c-0550-41d1-851c-8fb40348f0cb",
                "createdAt": "2021-09-08T17:14:12.455000+09:00",
                "message": "(service fn-product) has started 1 tasks: (task 9a68acae224649fca647d00832daa9dc)."
            },
            {
                "id": "0543b380-4786-4460-bd6a-c20db1075f4c",
                "createdAt": "2021-09-08T17:13:02.679000+09:00",
                "message": "(service fn-product) has started 1 tasks: (task ec7407e7dc334291842e7ee229456f2b)."
            },
            {
                "id": "e9420798-fc3c-46ff-a05a-bb69c8b24d18",
                "createdAt": "2021-09-08T17:12:04.726000+09:00",
                "message": "(service fn-product) has started 1 tasks: (task 2c790fff4f024ac8a45fd96a948a2f2d)."
            },
            {
                "id": "af7144da-a8f2-4a0e-ae23-2e826299a9ee",
                "createdAt": "2021-09-08T17:11:05.286000+09:00",
                "message": "(service fn-product) has started 1 tasks: (task 12501f78bac2476581a2d509e6e17040)."
            },
            {
                "id": "d293a6de-898d-4b40-97ab-3f49e4cd5d94",
                "createdAt": "2021-09-08T17:10:05.994000+09:00",
                "message": "(service fn-product) has started 1 tasks: (task 3f0c925acd5b4800a3543343de6b89c7)."
            },
            {
                "id": "a48255f8-a37f-4421-b4cc-67b532185f93",
                "createdAt": "2021-09-08T17:09:06.576000+09:00",
                "message": "(service fn-product) has started 1 tasks: (task 6e051860ecf1435badfac7107ed2355b)."
            },
            {
                "id": "a7d2c204-fe02-4c99-9f11-fa67cdc3713f",
                "createdAt": "2021-09-08T17:08:03.536000+09:00",
                "message": "(service fn-product) has started 1 tasks: (task a2d7efcb83334f7893f0297259cf6b4a)."
            },
            {
                "id": "a8b33fae-9594-40db-8cfd-192173c7e3dd",
                "createdAt": "2021-09-08T17:07:04.213000+09:00",
                "message": "(service fn-product) has started 1 tasks: (task 1e01e3aa5f40434bbf7e7bf3cbdb2659)."
            },
            {
                "id": "953c2ea8-8b21-4d20-9fcf-16f75a8a98ee",
                "createdAt": "2021-09-08T17:06:02.864000+09:00",
                "message": "(service fn-product) has started 1 tasks: (task 046d452a2b19481498eee5ff372c53dd)."
            },
            {
                "id": "16a6cb6f-21c6-4053-b97c-e630e6481902",
                "createdAt": "2021-09-08T17:05:03.532000+09:00",
                "message": "(service fn-product) has started 1 tasks: (task e58a98acf9e548c4888176becf10057c)."
            }
        ],
        "createdAt": "2021-09-08T17:04:59.959000+09:00",
        "placementConstraints": [],
        "placementStrategy": [],
        "networkConfiguration": {
            "awsvpcConfiguration": {
                "subnets": [
                    "subnet-0b96e471bd682ef69"
                ],
                "securityGroups": [
                    "sg-0de877d1c63fd0aff"
                ],
                "assignPublicIp": "DISABLED"
            }
        },
        "schedulingStrategy": "REPLICA",
        "createdBy": "arn:aws:iam::741704045536:user/wooyoung.noh",
        "enableECSManagedTags": true,
        "propagateTags": "NONE",
        "enableExecuteCommand": false
    }
}
